[debug] [2018-05-14T17:37:38.632Z] ----------------------------------------------------------------------
[debug] [2018-05-14T17:37:38.635Z] Command:       /Users/GustavoIbarra/.nvm/versions/node/v8.10.0/bin/node /Users/GustavoIbarra/.nvm/versions/node/v8.10.0/bin/firebase deploy --only functions
[debug] [2018-05-14T17:37:38.636Z] CLI Version:   3.18.4
[debug] [2018-05-14T17:37:38.636Z] Platform:      darwin
[debug] [2018-05-14T17:37:38.636Z] Node Version:  v8.10.0
[debug] [2018-05-14T17:37:38.640Z] Time:          Mon May 14 2018 12:37:38 GMT-0500 (CDT)
[debug] [2018-05-14T17:37:38.640Z] ----------------------------------------------------------------------
[debug] 
[debug] [2018-05-14T17:37:38.667Z] > command requires scopes: ["email","openid","https://www.googleapis.com/auth/cloudplatformprojects.readonly","https://www.googleapis.com/auth/firebase","https://www.googleapis.com/auth/cloud-platform"]
[debug] [2018-05-14T17:37:38.668Z] > authorizing via signed-in user
[debug] [2018-05-14T17:37:38.671Z] >>> HTTP REQUEST GET https://admin.firebase.com/v1/projects/canshare-app  
  
 Mon May 14 2018 12:37:38 GMT-0500 (CDT)
[debug] [2018-05-14T17:37:39.120Z] <<< HTTP RESPONSE 200
[debug] [2018-05-14T17:37:39.126Z] >>> HTTP REQUEST GET https://admin.firebase.com/v1/database/canshare-app/tokens  
  
 Mon May 14 2018 12:37:39 GMT-0500 (CDT)
[debug] [2018-05-14T17:37:39.576Z] <<< HTTP RESPONSE 200
[info] 
[info] === Deploying to 'canshare-app'...
[info] 
[info] i  deploying functions
[info] Running command: npm --prefix "$RESOURCE_DIR" run build
[info] ✔  functions: Finished running predeploy script.
[debug] [2018-05-14T17:37:52.941Z] > [functions] package.json contents: {
  "name": "functions",
  "scripts": {
    "build": "tsc",
    "serve": "npm run build && firebase serve --only functions",
    "shell": "npm run build && firebase functions:shell",
    "start": "npm run shell",
    "deploy": "firebase deploy --only functions",
    "logs": "firebase functions:log"
  },
  "main": "lib/index.js",
  "dependencies": {
    "@sendgrid/mail": "^6.2.1",
    "cors": "^2.8.4",
    "firebase-admin": "~5.12.0",
    "firebase-functions": "^1.0.1",
    "lodash": "^4.17.10"
  },
  "devDependencies": {
    "typescript": "^2.5.3"
  },
  "private": true
}
[info] i  functions: ensuring necessary APIs are enabled...
[debug] [2018-05-14T17:37:52.942Z] >>> HTTP REQUEST GET https://servicemanagement.googleapis.com/v1/services/cloudfunctions.googleapis.com/projectSettings/canshare-app?view=CONSUMER_VIEW  
  
 Mon May 14 2018 12:37:52 GMT-0500 (CDT)
[debug] [2018-05-14T17:37:52.943Z] >>> HTTP REQUEST GET https://servicemanagement.googleapis.com/v1/services/runtimeconfig.googleapis.com/projectSettings/canshare-app?view=CONSUMER_VIEW  
  
 Mon May 14 2018 12:37:52 GMT-0500 (CDT)
[debug] [2018-05-14T17:37:53.626Z] <<< HTTP RESPONSE 200
[debug] [2018-05-14T17:37:53.716Z] <<< HTTP RESPONSE 200
[info] ✔  functions: all necessary APIs are enabled
[debug] [2018-05-14T17:37:53.717Z] >>> HTTP REQUEST GET https://cloudresourcemanager.googleapis.com/v1/projects/canshare-app  
  
 Mon May 14 2018 12:37:53 GMT-0500 (CDT)
[debug] [2018-05-14T17:37:54.141Z] <<< HTTP RESPONSE 200
[debug] [2018-05-14T17:37:54.141Z] >>> HTTP REQUEST GET https://mobilesdk-pa.googleapis.com/v1/projects/642510229308:getServerAppConfig  
  
 Mon May 14 2018 12:37:54 GMT-0500 (CDT)
[debug] [2018-05-14T17:37:54.454Z] <<< HTTP RESPONSE 200
[info] i  functions: preparing functions directory for uploading...
[debug] [2018-05-14T17:37:54.456Z] >>> HTTP REQUEST GET https://runtimeconfig.googleapis.com/v1beta1/projects/canshare-app/configs  
  
 Mon May 14 2018 12:37:54 GMT-0500 (CDT)
[debug] [2018-05-14T17:37:54.664Z] <<< HTTP RESPONSE 200
[debug] [2018-05-14T17:37:54.665Z] >>> HTTP REQUEST GET https://runtimeconfig.googleapis.com/v1beta1/projects/canshare-app/configs/sendgrid/variables  
  
 Mon May 14 2018 12:37:54 GMT-0500 (CDT)
[debug] [2018-05-14T17:37:54.900Z] <<< HTTP RESPONSE 200
[debug] [2018-05-14T17:37:54.901Z] >>> HTTP REQUEST GET https://runtimeconfig.googleapis.com/v1beta1/projects/canshare-app/configs/sendgrid/variables/key  
  
 Mon May 14 2018 12:37:54 GMT-0500 (CDT)
[debug] [2018-05-14T17:37:55.044Z] <<< HTTP RESPONSE 200
[info] i  functions: packaged functions (42.37 KB) for uploading
[debug] [2018-05-14T17:37:56.279Z] >>> HTTP REQUEST POST https://cloudfunctions.googleapis.com/v1/projects/canshare-app/locations/us-central1/functions:generateUploadUrl  
  
 Mon May 14 2018 12:37:56 GMT-0500 (CDT)
[debug] [2018-05-14T17:38:26.567Z] <<< HTTP RESPONSE 503
[debug] [2018-05-14T17:38:26.567Z] <<< HTTP RESPONSE BODY {
  "error": {
    "code": 503,
    "message": "The service is currently unavailable.",
    "status": "UNAVAILABLE"
  }
}

[debug] [2018-05-14T17:38:26.570Z] TypeError: Cannot create property 'error' on string '{
  "error": {
    "code": 503,
    "message": "The service is currently unavailable.",
    "status": "UNAVAILABLE"
  }
}
'
    at module.exports (/Users/GustavoIbarra/.nvm/versions/node/v8.10.0/lib/node_modules/firebase-tools/lib/responseToError.js:11:16)
    at Request._callback (/Users/GustavoIbarra/.nvm/versions/node/v8.10.0/lib/node_modules/firebase-tools/lib/api.js:47:25)
    at Request.self.callback (/Users/GustavoIbarra/.nvm/versions/node/v8.10.0/lib/node_modules/firebase-tools/node_modules/request/request.js:186:22)
    at emitTwo (events.js:126:13)
    at Request.emit (events.js:214:7)
    at Request.<anonymous> (/Users/GustavoIbarra/.nvm/versions/node/v8.10.0/lib/node_modules/firebase-tools/node_modules/request/request.js:1163:10)
    at emitOne (events.js:116:13)
    at Request.emit (events.js:211:7)
    at IncomingMessage.<anonymous> (/Users/GustavoIbarra/.nvm/versions/node/v8.10.0/lib/node_modules/firebase-tools/node_modules/request/request.js:1085:12)
    at Object.onceWrapper (events.js:313:30)
[error] 
[error] Error: An unexpected error has occurred.
